
Version 2.04: released on July 13th, 2012
Compile Jul  9 2013	11:57:30

********************
Pregraph
********************

Parameters: pregraph -s /mnt/ilustre/users/long.huang/Pipeline/GIT/bioinformatics/Pipeline/14.Transgenic/138.config -K 63 -p 20 -R -o /mnt/ilustre/users/long.huang/Pipeline/GIT/bioinformatics/Pipeline/14.Transgenic/138 

In /mnt/ilustre/users/long.huang/Pipeline/GIT/bioinformatics/Pipeline/14.Transgenic/138.config, 1 lib(s), maximum read length 150, maximum name length 256.

20 thread(s) initialized.
Import reads from file:
 /mnt/ilustre/users/long.huang/Pipeline/GIT/bioinformatics/Pipeline/14.Transgenic/138.1.fastq
Import reads from file:
 /mnt/ilustre/users/long.huang/Pipeline/GIT/bioinformatics/Pipeline/14.Transgenic/138.2.fastq
Time spent on hashing reads: 0s, 726 read(s) processed.
LIB(s) information:
 [LIB] 0, avg_ins 400, reverse 0.
9119 node(s) allocated, 61870 kmer(s) in reads, 61870 kmer(s) processed.
done hashing nodes
8902 linear node(s) marked.
Time spent on marking linear nodes: 0s.
Time spent on pre-graph construction: 1s.

Start to remove frequency-one-kmer tips shorter than 126.
Total 107 tip(s) removed.
20 thread(s) initialized.
76 linear node(s) marked.
Start to remove tips with minority links.
3 tip(s) removed in cycle 1.
0 tip(s) removed in cycle 2.
Total 3 tip(s) removed.
20 thread(s) initialized.
0 linear node(s) marked.
Time spent on removing tips: 0s.

46 (23) edge(s) and 1 extra node(s) constructed.
Time spent on constructing edges: 0s.

In file: /mnt/ilustre/users/long.huang/Pipeline/GIT/bioinformatics/Pipeline/14.Transgenic/138.config, max seq len 150, max name len 256.
20 thread(s) initialized.
Import reads from file:
 /mnt/ilustre/users/long.huang/Pipeline/GIT/bioinformatics/Pipeline/14.Transgenic/138.1.fastq
Import reads from file:
 /mnt/ilustre/users/long.huang/Pipeline/GIT/bioinformatics/Pipeline/14.Transgenic/138.2.fastq
726 read(s) processed.
Time spent on:
 importing reads: 0s,
 chopping reads to kmers: 0s,
 searching kmers: 0s,
 aligning reads to edges: 0s,
 searching (K+1)mers: 0s,
 adding pre-arcs: 0s,
 recording read paths: 0s.
75 marker(s) output.
Reads alignment done, 76 read(s) deleted, 34 pre-arc(s) added.
LIB(s) information:
 [LIB] 0, avg_ins 400, reverse 0.
Time spent on aligning reads: 0s.

22 vertex(es) output.
Overall time spent on constructing pre-graph: 0m.


********************
Contig
********************

Parameters: contig -g /mnt/ilustre/users/long.huang/Pipeline/GIT/bioinformatics/Pipeline/14.Transgenic/138 -M 1 -R -s /mnt/ilustre/users/long.huang/Pipeline/GIT/bioinformatics/Pipeline/14.Transgenic/138.config -p 20 

There are 22 kmer(s) in vertex file.
There are 46 edge(s) in edge file.
Kmers sorted.
46 edge(s) input.
48 pre-arcs loaded.
150 markers overall.
150 markers loaded.
19 none-palindrome edge(s) swapped, 0 palindrome edge(s) processed.
46 edge(s) sorted.
Arcs sorted.
0 repeat(s) are solvable, 0 more edge(s).
0 dead arc(s) removed.
Time spent on solving repeat: 0s.
Start to pinch bubbles, cutoff 0.100000, MAX NODE NUM 3, MAX DIFF NUM 2.
11 start points, 12 dheap nodes.
3 pair(s) found, 3 pair of path(s) compared, 3 pair(s) merged.
Sequence comparison failed:
 Path crossing deleted edge                         0
 Length difference of two paths greater than two    0
 Mismatch score greater than cutoff (2)             0
 Mismatch score ratio greater than cutoff (0.1)     0
 Path length shorter than (Kmer-1)                  0
DFibHeap: 4 node(s) allocated.
5 edge(s) concatenated in cycle 1.
1 edge(s) concatenated in cycle 2.
0 edge(s) concatenated in cycle 3.
Time spent on pinching bubbles: 0s.
Start to destroy weak inner edges.
2 weak inner edge(s) destroyed in cycle 1.
0 weak inner edge(s) destroyed in cycle 2.
4 dead arc(s) removed.
0 inner edge(s) with coverage lower than or equal to 1 destroyed.
0 dead arc(s) removed.
4 edge(s) concatenated in cycle 1.
0 edge(s) concatenated in cycle 2.
Before compacting, 46 edge(s) existed.
After compacting, 16 edge(s) left.

Strict: 0, cutoff length: 126.
2 tips cut in cycle 1.
0 tips cut in cycle 2.
3 dead arc(s) removed.
1 edge(s) concatenated in cycle 1.
0 edge(s) concatenated in cycle 2.
Before compacting, 16 edge(s) existed.
After compacting, 10 edge(s) left.

There are 5 contig(s) longer than 100, sum up 5439 bp, with average length 1087.
The longest length is 2645 bp, contig N50 is 1473 bp,contig N90 is 469 bp.
5 contig(s) longer than 64 output.

Time spent on constructing contig: 0m.


********************
Map
********************

Parameters: map -s /mnt/ilustre/users/long.huang/Pipeline/GIT/bioinformatics/Pipeline/14.Transgenic/138.config -g /mnt/ilustre/users/long.huang/Pipeline/GIT/bioinformatics/Pipeline/14.Transgenic/138 -p 20 -K 63 

Kmer size: 63.
Contig length cutoff: 65.

5 contig(s), maximum sequence length 2645, minimum sequence length 322, maximum name length 10.
Time spent on parsing contigs file: 0s.
20 thread(s) initialized.
Time spent on hashing contigs: 0s.
5128 node(s) allocated, 5129 kmer(s) in contigs, 5129 kmer(s) processed.
Time spent on graph construction: 0s.

Time spent on aligning long reads: 0s.

In file: /mnt/ilustre/users/long.huang/Pipeline/GIT/bioinformatics/Pipeline/14.Transgenic/138.config, max seq len 150, max name len 256
20 thread(s) initialized.
10 edge(s) in the graph.
Import reads from file:
 /mnt/ilustre/users/long.huang/Pipeline/GIT/bioinformatics/Pipeline/14.Transgenic/138.1.fastq
Import reads from file:
 /mnt/ilustre/users/long.huang/Pipeline/GIT/bioinformatics/Pipeline/14.Transgenic/138.2.fastq
Current insert size is 400, map_len is 32.

Total reads         728
Reads in gaps       32
Ratio               4.4%
Reads on contigs    696
Ratio               95.6%
1 pe insert size, the largest boundary is 728.

LIB(s) information:
 [LIB] 0, avg_ins 400, reverse 0.
Time spent on aligning reads: 1s.

Overall time spent on alignment: 0m.


********************
Scaff
********************

Parameters: scaff -g /mnt/ilustre/users/long.huang/Pipeline/GIT/bioinformatics/Pipeline/14.Transgenic/138 -p 20 

/mnt/ilustre/users/long.huang/Pipeline/GIT/bioinformatics/Pipeline/14.Transgenic/138.Arc: no such file or empty file!

There are 1 grad(s), 728 read(s), max read len 150.
Kmer size: 63
There are 10 edge(s) in edge file.
Mask contigs with coverage lower than 1.0 or higher than 20.0, and strict length 0.
Average contig coverage is 10, 0 contig(s) masked.
Mask contigs shorter than 65, 0 contig(s) masked.
0 arc(s) loaded, average weight is 0.
5 contig(s) loaded.
Done loading updated edges.
Time spent on loading updated edges: 0s.

*****************************************************
Start to load paired-end reads information.

For insert size: 400
 Total PE links                      332
 Normal PE links on same contig      137
 Incorrect oriented PE links         155
 PE links of too small insert size   27
 PE links of too large insert size   0
 Correct PE links                    3
 Accumulated connections             6
Use contigs longer than 400 to estimate insert size: 
 PE links               137
 Average insert size    208
 SD                     160
3 new connections.

All paired-end reads information loaded.
Time spent on loading paired-end reads information: 0s.

*****************************************************
Start to construct scaffolds.

***************************
For insert size: 400
 Total PE links                2
 PE links to masked contigs    0
 On same scaffold PE links     0
Cutoff of PE links to make a reliable connection: 3
 Active connections    4
 Weak connections      4
 Weak ratio            100.0%
0 circles removed.
Start to remove transitive connection.
Total contigs                         10
Masked contigs                        0
Remained contigs                      10
None-outgoing-connection contigs      10 (100.000000%)
Single-outgoing-connection contigs    0
Multi-outgoing-connection contigs     0
Cycle 1
 Two-outgoing-connection contigs     0
 Potential transitive connections    0
 Transitive connections              0
Start to linearize sub-graph.
 Picked sub-graphs          0
 Connection-conflict        0
 Significant overlapping    0
 Eligible                   0
 Bubble structures          0
Mask repeats:
 Puzzles           0
 Masked contigs    0
Start to remove transitive connection.
Total contigs                         10
Masked contigs                        0
Remained contigs                      10
None-outgoing-connection contigs      10 (100.000000%)
Single-outgoing-connection contigs    0
Multi-outgoing-connection contigs     0
Cycle 1
 Two-outgoing-connection contigs     0
 Potential transitive connections    0
 Transitive connections              0
Start to linearize sub-graph.
 Picked sub-graphs          0
 Connection-conflict        0
 Significant overlapping    0
 Eligible                   0
 Bubble structures          0
Non-strict linearization.
Start to linearize sub-graph.
 Picked sub-graphs          0
 Connection-conflict        0
 Significant overlapping    0
 Eligible                   0
 Bubble structures          0
Start to mask puzzles.
 Masked contigs      0
 Remained puzzles    0
Freezing done.

Recover contigs.
 Total recovered contigs    0
 Single-route cases         0
 Multi-route cases          0

All links loaded.
Time spent on constructing scaffolds: 0s.

The final rank


No scaffold was constructed.


Done with 0 scaffolds, 0 gaps finished, 0 gaps overall.

Overall time spent on constructing scaffolds: 0m.
Time for the whole pipeline: 0m.
