
Version 2.04: released on July 13th, 2012
Compile Jul  9 2013	11:57:30

********************
Pregraph
********************

Parameters: pregraph -s /mnt/ilustre/users/long.huang/Pipeline/GIT/bioinformatics/Pipeline/14.Transgenic/336HM.config -K 63 -p 20 -R -o /mnt/ilustre/users/long.huang/Pipeline/GIT/bioinformatics/Pipeline/14.Transgenic/336HM 

In /mnt/ilustre/users/long.huang/Pipeline/GIT/bioinformatics/Pipeline/14.Transgenic/336HM.config, 1 lib(s), maximum read length 150, maximum name length 256.

20 thread(s) initialized.
Import reads from file:
 /mnt/ilustre/users/long.huang/Pipeline/GIT/bioinformatics/Pipeline/14.Transgenic/336HM.1.fastq
Import reads from file:
 /mnt/ilustre/users/long.huang/Pipeline/GIT/bioinformatics/Pipeline/14.Transgenic/336HM.2.fastq
Time spent on hashing reads: 0s, 1290 read(s) processed.
LIB(s) information:
 [LIB] 0, avg_ins 400, reverse 0.
12639 node(s) allocated, 108927 kmer(s) in reads, 108927 kmer(s) processed.
done hashing nodes
12256 linear node(s) marked.
Time spent on marking linear nodes: 0s.
Time spent on pre-graph construction: 1s.

Start to remove frequency-one-kmer tips shorter than 126.
Total 182 tip(s) removed.
20 thread(s) initialized.
129 linear node(s) marked.
Start to remove tips with minority links.
5 tip(s) removed in cycle 1.
0 tip(s) removed in cycle 2.
Total 5 tip(s) removed.
20 thread(s) initialized.
0 linear node(s) marked.
Time spent on removing tips: 0s.

124 (62) edge(s) and 0 extra node(s) constructed.
Time spent on constructing edges: 0s.

In file: /mnt/ilustre/users/long.huang/Pipeline/GIT/bioinformatics/Pipeline/14.Transgenic/336HM.config, max seq len 150, max name len 256.
20 thread(s) initialized.
Import reads from file:
 /mnt/ilustre/users/long.huang/Pipeline/GIT/bioinformatics/Pipeline/14.Transgenic/336HM.1.fastq
Import reads from file:
 /mnt/ilustre/users/long.huang/Pipeline/GIT/bioinformatics/Pipeline/14.Transgenic/336HM.2.fastq
1290 read(s) processed.
Time spent on:
 importing reads: 0s,
 chopping reads to kmers: 0s,
 searching kmers: 0s,
 aligning reads to edges: 0s,
 searching (K+1)mers: 0s,
 adding pre-arcs: 0s,
 recording read paths: 0s.
788 marker(s) output.
Reads alignment done, 105 read(s) deleted, 106 pre-arc(s) added.
LIB(s) information:
 [LIB] 0, avg_ins 400, reverse 0.
Time spent on aligning reads: 0s.

48 vertex(es) output.
Overall time spent on constructing pre-graph: 0m.


********************
Contig
********************

Parameters: contig -g /mnt/ilustre/users/long.huang/Pipeline/GIT/bioinformatics/Pipeline/14.Transgenic/336HM -M 1 -R -s /mnt/ilustre/users/long.huang/Pipeline/GIT/bioinformatics/Pipeline/14.Transgenic/336HM.config -p 20 

There are 48 kmer(s) in vertex file.
There are 124 edge(s) in edge file.
Kmers sorted.
124 edge(s) input.
150 pre-arcs loaded.
1576 markers overall.
1576 markers loaded.
30 none-palindrome edge(s) swapped, 0 palindrome edge(s) processed.
124 edge(s) sorted.
Arcs sorted.
0 repeat(s) are solvable, 0 more edge(s).
0 dead arc(s) removed.
Time spent on solving repeat: 0s.
Start to pinch bubbles, cutoff 0.100000, MAX NODE NUM 3, MAX DIFF NUM 2.
14 start points, 48 dheap nodes.
14 pair(s) found, 14 pair of path(s) compared, 13 pair(s) merged.
Sequence comparison failed:
 Path crossing deleted edge                         0
 Length difference of two paths greater than two    0
 Mismatch score greater than cutoff (2)             0
 Mismatch score ratio greater than cutoff (0.1)     0
 Path length shorter than (Kmer-1)                  1
DFibHeap: 5 node(s) allocated.
26 edge(s) concatenated in cycle 1.
1 edge(s) concatenated in cycle 2.
0 edge(s) concatenated in cycle 3.
Time spent on pinching bubbles: 0s.
Start to destroy weak inner edges.
5 weak inner edge(s) destroyed in cycle 1.
0 weak inner edge(s) destroyed in cycle 2.
10 dead arc(s) removed.
0 inner edge(s) with coverage lower than or equal to 1 destroyed.
0 dead arc(s) removed.
10 edge(s) concatenated in cycle 1.
0 edge(s) concatenated in cycle 2.
Before compacting, 124 edge(s) existed.
After compacting, 14 edge(s) left.

Strict: 0, cutoff length: 126.
1 tips cut in cycle 1.
0 tips cut in cycle 2.
1 dead arc(s) removed.
1 edge(s) concatenated in cycle 1.
0 edge(s) concatenated in cycle 2.
Before compacting, 14 edge(s) existed.
After compacting, 10 edge(s) left.

There are 5 contig(s) longer than 100, sum up 5190 bp, with average length 1038.
The longest length is 2480 bp, contig N50 is 1735 bp,contig N90 is 504 bp.
5 contig(s) longer than 64 output.

Time spent on constructing contig: 0m.


********************
Map
********************

Parameters: map -s /mnt/ilustre/users/long.huang/Pipeline/GIT/bioinformatics/Pipeline/14.Transgenic/336HM.config -g /mnt/ilustre/users/long.huang/Pipeline/GIT/bioinformatics/Pipeline/14.Transgenic/336HM -p 20 -K 63 

Kmer size: 63.
Contig length cutoff: 65.

5 contig(s), maximum sequence length 2480, minimum sequence length 206, maximum name length 10.
Time spent on parsing contigs file: 0s.
20 thread(s) initialized.
Time spent on hashing contigs: 0s.
4880 node(s) allocated, 4880 kmer(s) in contigs, 4880 kmer(s) processed.
Time spent on graph construction: 0s.

Time spent on aligning long reads: 1s.

In file: /mnt/ilustre/users/long.huang/Pipeline/GIT/bioinformatics/Pipeline/14.Transgenic/336HM.config, max seq len 150, max name len 256
20 thread(s) initialized.
10 edge(s) in the graph.
Import reads from file:
 /mnt/ilustre/users/long.huang/Pipeline/GIT/bioinformatics/Pipeline/14.Transgenic/336HM.1.fastq
Import reads from file:
 /mnt/ilustre/users/long.huang/Pipeline/GIT/bioinformatics/Pipeline/14.Transgenic/336HM.2.fastq
Current insert size is 400, map_len is 32.

Total reads         1292
Reads in gaps       60
Ratio               4.6%
Reads on contigs    1224
Ratio               94.7%
1 pe insert size, the largest boundary is 1292.

LIB(s) information:
 [LIB] 0, avg_ins 400, reverse 0.
Time spent on aligning reads: 1s.

Overall time spent on alignment: 0m.


********************
Scaff
********************

Parameters: scaff -g /mnt/ilustre/users/long.huang/Pipeline/GIT/bioinformatics/Pipeline/14.Transgenic/336HM -p 20 

/mnt/ilustre/users/long.huang/Pipeline/GIT/bioinformatics/Pipeline/14.Transgenic/336HM.Arc: no such file or empty file!

There are 1 grad(s), 1292 read(s), max read len 150.
Kmer size: 63
There are 10 edge(s) in edge file.
Mask contigs with coverage lower than 1.8 or higher than 36.0, and strict length 0.
Average contig coverage is 18, 0 contig(s) masked.
Mask contigs shorter than 65, 0 contig(s) masked.
0 arc(s) loaded, average weight is 0.
5 contig(s) loaded.
Done loading updated edges.
Time spent on loading updated edges: 0s.

*****************************************************
Start to load paired-end reads information.

For insert size: 400
 Total PE links                      582
 Normal PE links on same contig      278
 Incorrect oriented PE links         299
 PE links of too small insert size   3
 PE links of too large insert size   0
 Correct PE links                    0
 Accumulated connections             0
Use contigs longer than 400 to estimate insert size: 
 PE links               277
 Average insert size    212
 SD                     136
0 new connections.


All paired-end reads information loaded.
Time spent on loading paired-end reads information: 0s.

*****************************************************
Start to construct scaffolds.

***************************
For insert size: 400
 Total PE links                0
 PE links to masked contigs    0
 On same scaffold PE links     0


All links loaded.
Time spent on constructing scaffolds: 0s.

The final rank


No scaffold was constructed.


Done with 0 scaffolds, 0 gaps finished, 0 gaps overall.

Overall time spent on constructing scaffolds: 0m.
Time for the whole pipeline: 0m.
