;number of linkage groups: 1
;The size of the linkage groups are: 
;		101	
;The number of bins in each linkage group: 
;		1	


;lowerbound:0.000 upperbound: 0.000 cost after initialization:0.000
group lg0
;BEGINOFGROUP
marker001	0.000
marker002	0.000
marker003	0.000
marker004	0.000
marker005	0.000
marker006	0.000
marker007	0.000
marker008	0.000
marker009	0.000
marker010	0.000
marker011	0.000
marker012	0.000
marker013	0.000
marker014	0.000
marker015	0.000
marker016	0.000
marker017	0.000
marker018	0.000
marker019	0.000
marker020	0.000
marker021	0.000
marker022	0.000
marker023	0.000
marker024	0.000
marker025	0.000
marker026	0.000
marker027	0.000
marker028	0.000
marker029	0.000
marker030	0.000
marker031	0.000
marker032	0.000
marker033	0.000
marker034	0.000
marker035	0.000
marker036	0.000
marker037	0.000
marker038	0.000
marker039	0.000
marker040	0.000
marker041	0.000
marker042	0.000
marker043	0.000
marker044	0.000
marker045	0.000
marker046	0.000
marker047	0.000
marker048	0.000
marker049	0.000
marker050	0.000
marker051	0.000
marker052	0.000
marker053	0.000
marker054	0.000
marker055	0.000
marker056	0.000
marker057	0.000
marker058	0.000
marker059	0.000
marker060	0.000
marker061	0.000
marker062	0.000
marker063	0.000
marker064	0.000
marker065	0.000
marker066	0.000
marker067	0.000
marker068	0.000
marker069	0.000
marker070	0.000
marker071	0.000
marker072	0.000
marker073	0.000
marker074	0.000
marker075	0.000
marker076	0.000
marker077	0.000
marker078	0.000
marker079	0.000
marker080	0.000
marker081	0.000
marker082	0.000
marker083	0.000
marker084	0.000
marker085	0.000
marker086	0.000
marker087	0.000
marker088	0.000
marker089	0.000
marker090	0.000
marker091	0.000
marker092	0.000
marker093	0.000
marker094	0.000
marker095	0.000
marker096	0.000
marker097	0.000
marker098	0.000
marker099	0.000
marker100	0.000
marker101	0.000
;ENDOFGROUP


